<?xml version="1.0" encoding="UTF-8"?>
<testsuite name="repository.book.BookRepositoryMockTest" tests="3" skipped="0" failures="0" errors="0" timestamp="2020-11-12T10:09:43" hostname="DESKTOP-U77SKFM" time="0.007">
  <properties/>
  <testcase name="findAll" classname="repository.book.BookRepositoryMockTest" time="0.001"/>
  <testcase name="findByIdEx" classname="repository.book.BookRepositoryMockTest" time="0.005"/>
  <testcase name="save" classname="repository.book.BookRepositoryMockTest" time="0.001"/>
  <system-out><![CDATA[]]></system-out>
  <system-err><![CDATA[]]></system-err>
</testsuite>
