<?xml version="1.0" encoding="UTF-8"?>
<testsuite name="service.user.AuthenticationServiceMySQLTest" tests="3" skipped="0" failures="0" errors="0" timestamp="2020-11-11T23:53:07" hostname="DESKTOP-U77SKFM" time="0.159">
  <properties/>
  <testcase name="logout" classname="service.user.AuthenticationServiceMySQLTest" time="0.008"/>
  <testcase name="register" classname="service.user.AuthenticationServiceMySQLTest" time="0.034"/>
  <testcase name="login" classname="service.user.AuthenticationServiceMySQLTest" time="0.117"/>
  <system-out><![CDATA[]]></system-out>
  <system-err><![CDATA[Loading class `com.mysql.jdbc.Driver'. This is deprecated. The new driver class is `com.mysql.cj.jdbc.Driver'. The driver is automatically registered via the SPI and manual loading of the driver class is generally unnecessary.
]]></system-err>
</testsuite>
